This is pdfTeX, Version 3.14159265-2.6-1.40.16 (TeX Live 2015/Debian) (preloaded format=pdflatex 2017.5.3)  3 JUN 2017 09:52
entering extended mode
 restricted \write18 enabled.
 %&-line parsing enabled.
**frontespizio.tex
(./frontespizio.tex
LaTeX2e <2016/02/01>
Babel <3.9q> and hyphenation patterns for 81 language(s) loaded.

! LaTeX Error: Missing \begin{document}.

See the LaTeX manual or LaTeX Companion for explanation.
Type  H <return>  for immediate help.
 ...                                              
                                                  
l.4 \begin{center}
                  
You're in trouble here.  Try typing  <return>  to proceed.
If that doesn't work, type  X <return>  to quit.


Overfull \hbox (20.0pt too wide) in paragraph at lines 4--4
[] 
 []

! Undefined control sequence.
l.5   \large
            
The control sequence at the end of the top line
of your error message was never \def'ed. If you have
misspelled it (e.g., `\hobx'), type `I' and the correct
spelling (e.g., `I\hbox'). Otherwise just continue,
and I'll forget about whatever was undefined.


Overfull \hbox (81.94398pt too wide) in paragraph at lines 6--6
 \OT1/cmr/bx/n/10 POLITECNICO 
 []


Overfull \hbox (13.18048pt too wide) in paragraph at lines 6--6
 \OT1/cmr/bx/n/10 DI 
 []


Overfull \hbox (19.11101pt too wide) in paragraph at lines 6--6
 \OT1/cmr/bx/n/10 MI- 
 []


Overfull \hbox (33.24982pt too wide) in paragraph at lines 6--6
 \OT1/cmr/bx/n/10 LANO 
 []


! LaTeX Error: The font size command \normalsize is not defined:
               there is probably something wrong with the class file.

See the LaTeX manual or LaTeX Companion for explanation.
Type  H <return>  for immediate help.
 ...                                              
                                                  
l.7   \normalsize
                 
Your command was ignored.
Type  I <command> <return>  to replace it with another command,
or  <return>  to continue without it.


Overfull \hbox (43.25252pt too wide) in paragraph at lines 8--8
 []\OT1/cmr/bx/n/10 Master's 
 []


Overfull \hbox (17.92352pt too wide) in paragraph at lines 8--8
 \OT1/cmr/bx/n/10 De- 
 []


Overfull \hbox (21.0277pt too wide) in paragraph at lines 8--8
 \OT1/cmr/bx/n/10 gree 
 []


Overfull \hbox (9.58328pt too wide) in paragraph at lines 8--8
 \OT1/cmr/bx/n/10 in 
 []


Overfull \hbox (27.47208pt too wide) in paragraph at lines 8--8
 \OT1/cmr/bx/n/10 Com- 
 []


Overfull \hbox (27.25682pt too wide) in paragraph at lines 8--8
 \OT1/cmr/bx/n/10 puter 
 []


Overfull \hbox (18.52768pt too wide) in paragraph at lines 8--8
 \OT1/cmr/bx/n/10 Sci- 
 []


Overfull \hbox (22.04156pt too wide) in paragraph at lines 8--8
 \OT1/cmr/bx/n/10 ence 
 []


Overfull \hbox (18.36794pt too wide) in paragraph at lines 8--8
 \OT1/cmr/bx/n/10 and 
 []


Overfull \hbox (17.77768pt too wide) in paragraph at lines 8--8
 \OT1/cmr/bx/n/10 En- 
 []


Overfull \hbox (12.77771pt too wide) in paragraph at lines 8--8
 \OT1/cmr/bx/n/10 gi- 
 []


Overfull \hbox (25.4999pt too wide) in paragraph at lines 8--8
 \OT1/cmr/bx/n/10 neer- 
 []


Overfull \hbox (15.33325pt too wide) in paragraph at lines 8--8
 \OT1/cmr/bx/n/10 ing 
 []


Overfull \hbox (67.5413pt too wide) in paragraph at lines 9--9
 []\OT1/cmr/bx/n/10 Dipartimento 
 []


Overfull \hbox (9.58328pt too wide) in paragraph at lines 9--9
 \OT1/cmr/bx/n/10 di 
 []


Overfull \hbox (24.32626pt too wide) in paragraph at lines 9--9
 \OT1/cmr/bx/n/10 Elet- 
 []


Overfull \hbox (25.18044pt too wide) in paragraph at lines 9--9
 \OT1/cmr/bx/n/10 tron- 
 []


Overfull \hbox (13.89574pt too wide) in paragraph at lines 9--9
 \OT1/cmr/bx/n/10 ica 
 []


Overfull \hbox (5.27081pt too wide) in paragraph at lines 9--9
 \OT1/cmr/bx/n/10 e 
 []


Overfull \hbox (14.58325pt too wide) in paragraph at lines 9--9
 \OT1/cmr/bx/n/10 In- 
 []


Overfull \hbox (17.83325pt too wide) in paragraph at lines 9--9
 \OT1/cmr/bx/n/10 for- 
 []


Overfull \hbox (40.88866pt too wide) in paragraph at lines 9--9
 \OT1/cmr/bx/n/10 mazione 
 []


! LaTeX Error: Environment figure undefined.

See the LaTeX manual or LaTeX Companion for explanation.
Type  H <return>  for immediate help.
 ...                                              
                                                  
l.10   \begin{figure}
                     [htbp]
Your command was ignored.
Type  I <command> <return>  to replace it with another command,
or  <return>  to continue without it.


Overfull \hbox (29.70818pt too wide) in paragraph at lines 10--11
 []\OT1/cmr/bx/n/10 [htbp] 
 []

! Undefined control sequence.
l.12       \includegraphics
                           [width=3.5cm]{./pictures/logopm}
The control sequence at the end of the top line
of your error message was never \def'ed. If you have
misspelled it (e.g., `\hobx'), type `I' and the correct
spelling (e.g., `I\hbox'). Otherwise just continue,
and I'll forget about whatever was undefined.


Overfull \hbox (164.68108pt too wide) in paragraph at lines 12--14
 \OT1/cmr/bx/n/10 [width=3.5cm]./pictures/logopm 
 []


! LaTeX Error: \begin{center} on input line 4 ended by \end{figure}.

See the LaTeX manual or LaTeX Companion for explanation.
Type  H <return>  for immediate help.
 ...                                              
                                                  
l.15   \end{figure}
                   
Your command was ignored.
Type  I <command> <return>  to replace it with another command,
or  <return>  to continue without it.

! Undefined control sequence.
l.16   \vspace*{0.3cm} \LARGE
                             
The control sequence at the end of the top line
of your error message was never \def'ed. If you have
misspelled it (e.g., `\hobx'), type `I' and the correct
spelling (e.g., `I\hbox'). Otherwise just continue,
and I'll forget about whatever was undefined.


Overfull \hbox (44.5553pt too wide) in paragraph at lines 20--20
 []\OT1/cmr/bx/n/10 TITOLO 
 []


Overfull \hbox (38.90256pt too wide) in paragraph at lines 20--20
 \OT1/cmr/bx/n/10 DELLA 
 []


Overfull \hbox (26.3054pt too wide) in paragraph at lines 20--20
 \OT1/cmr/bx/n/10 TESI 
 []

! Undefined control sequence.
l.24   \vspace*{.75truecm} \large
                                 
The control sequence at the end of the top line
of your error message was never \def'ed. If you have
misspelled it (e.g., `\hobx'), type `I' and the correct
spelling (e.g., `I\hbox'). Otherwise just continue,
and I'll forget about whatever was undefined.


Overfull \hbox (13.05548pt too wide) in paragraph at lines 25--25
 []\OT1/cmr/bx/n/10 AI 
 []


Overfull \hbox (8.9444pt too wide) in paragraph at lines 25--25
 \OT1/cmr/bx/n/10 & 
 []


Overfull \hbox (8.62495pt too wide) in paragraph at lines 25--25
 \OT1/cmr/bx/n/10 R 
 []


Overfull \hbox (18.8957pt too wide) in paragraph at lines 25--25
 \OT1/cmr/bx/n/10 Lab 
 []


Overfull \hbox (59.1941pt too wide) in paragraph at lines 26--26
 []\OT1/cmr/bx/n/10 Laboratorio 
 []


Overfull \hbox (9.58328pt too wide) in paragraph at lines 26--26
 \OT1/cmr/bx/n/10 di 
 []


Overfull \hbox (14.58325pt too wide) in paragraph at lines 26--26
 \OT1/cmr/bx/n/10 In- 
 []


Overfull \hbox (16.77075pt too wide) in paragraph at lines 26--26
 \OT1/cmr/bx/n/10 tel- 
 []


Overfull \hbox (10.22217pt too wide) in paragraph at lines 26--26
 \OT1/cmr/bx/n/10 li- 
 []


Overfull \hbox (28.11095pt too wide) in paragraph at lines 26--26
 \OT1/cmr/bx/n/10 genza 
 []


Overfull \hbox (17.26381pt too wide) in paragraph at lines 26--26
 \OT1/cmr/bx/n/10 Ar- 
 []


Overfull \hbox (11.49994pt too wide) in paragraph at lines 26--26
 \OT1/cmr/bx/n/10 ti- 
 []


Overfull \hbox (10.22217pt too wide) in paragraph at lines 26--26
 \OT1/cmr/bx/n/10 fi- 
 []


Overfull \hbox (22.36098pt too wide) in paragraph at lines 26--26
 \OT1/cmr/bx/n/10 ciale 
 []


Overfull \hbox (5.27081pt too wide) in paragraph at lines 27--28
 []\OT1/cmr/bx/n/10 e 
 []


Overfull \hbox (35.1387pt too wide) in paragraph at lines 27--28
 \OT1/cmr/bx/n/10 Robot- 
 []


Overfull \hbox (13.89574pt too wide) in paragraph at lines 27--28
 \OT1/cmr/bx/n/10 ica 
 []


Overfull \hbox (14.8541pt too wide) in paragraph at lines 27--28
 \OT1/cmr/bx/n/10 del 
 []


Overfull \hbox (17.12491pt too wide) in paragraph at lines 27--28
 \OT1/cmr/bx/n/10 Po- 
 []


Overfull \hbox (25.07626pt too wide) in paragraph at lines 27--28
 \OT1/cmr/bx/n/10 litec- 
 []


Overfull \hbox (20.44434pt too wide) in paragraph at lines 27--28
 \OT1/cmr/bx/n/10 nico 
 []


Overfull \hbox (9.58328pt too wide) in paragraph at lines 27--28
 \OT1/cmr/bx/n/10 di 
 []


Overfull \hbox (17.94435pt too wide) in paragraph at lines 27--28
 \OT1/cmr/bx/n/10 Mi- 
 []


Overfull \hbox (20.92348pt too wide) in paragraph at lines 27--28
 \OT1/cmr/bx/n/10 lano 
 []

! Undefined control sequence.
l.29 \vspace*{3.0cm} \large
                           
The control sequence at the end of the top line
of your error message was never \def'ed. If you have
misspelled it (e.g., `\hobx'), type `I' and the correct
spelling (e.g., `I\hbox'). Otherwise just continue,
and I'll forget about whatever was undefined.


Overfull \hbox (46.10393pt too wide) in paragraph at lines 33--33
\OT1/cmr/bx/n/10 Relatore: 
 []


Overfull \hbox (19.69434pt too wide) in paragraph at lines 33--33
\OT1/cmr/bx/n/10 Ing. 
 []


Overfull \hbox (24.81235pt too wide) in paragraph at lines 33--33
\OT1/cmr/bx/n/10 Mat- 
 []


Overfull \hbox (15.49298pt too wide) in paragraph at lines 33--33
\OT1/cmr/bx/n/10 teo 
 []


Overfull \hbox (24.81235pt too wide) in paragraph at lines 33--33
\OT1/cmr/bx/n/10 Mat- 
 []


Overfull \hbox (29.54846pt too wide) in paragraph at lines 33--33
\OT1/cmr/bx/n/10 teucci  
 []


Overfull \hbox (61.00665pt too wide) in paragraph at lines 34--35
[]\OT1/cmr/bx/n/10 Correlatore: 
 []


Overfull \hbox (25.05544pt too wide) in paragraph at lines 34--35
\OT1/cmr/bx/n/10 Prof. 
 []


Overfull \hbox (18.91656pt too wide) in paragraph at lines 34--35
\OT1/cmr/bx/n/10 An- 
 []


Overfull \hbox (21.986pt too wide) in paragraph at lines 34--35
\OT1/cmr/bx/n/10 drea 
 []


Overfull \hbox (34.47897pt too wide) in paragraph at lines 34--35
\OT1/cmr/bx/n/10 Bonar- 
 []


Overfull \hbox (12.77771pt too wide) in paragraph at lines 34--35
\OT1/cmr/bx/n/10 ini  
 []


Overfull \hbox (20.04294pt too wide) in paragraph at lines 41--41
 \OT1/cmr/bx/n/10 Tesi
 []


Overfull \hbox (9.58328pt too wide) in paragraph at lines 41--41
 \OT1/cmr/bx/n/10 di
 []


Overfull \hbox (22.72902pt too wide) in paragraph at lines 41--41
 \OT1/cmr/bx/n/10 Lau-
 []


Overfull \hbox (15.59714pt too wide) in paragraph at lines 41--41
 \OT1/cmr/bx/n/10 rea
 []


Overfull \hbox (12.77771pt too wide) in paragraph at lines 41--41
 \OT1/cmr/bx/n/10 di:
 []


Overfull \hbox (20.95822pt too wide) in paragraph at lines 41--41
 []\OT1/cmr/bx/n/10 Bud
 []


Overfull \hbox (43.06924pt too wide) in paragraph at lines 41--41
 \OT1/cmr/bx/n/10 Spencer,
 []


Overfull \hbox (19.00682pt too wide) in paragraph at lines 41--41
 \OT1/cmr/bx/n/10 ma-
 []


Overfull \hbox (16.23604pt too wide) in paragraph at lines 41--41
 \OT1/cmr/bx/n/10 tri-
 []


Overfull \hbox (19.6457pt too wide) in paragraph at lines 41--41
 \OT1/cmr/bx/n/10 cola
 []


Overfull \hbox (34.49982pt too wide) in paragraph at lines 41--41
 \OT1/cmr/bx/n/10 634845
 []


Overfull \hbox (39.0901pt too wide) in paragraph at lines 42--42
 []\OT1/cmr/bx/n/10 Terence
 []


Overfull \hbox (21.77766pt too wide) in paragraph at lines 42--42
 \OT1/cmr/bx/n/10 Hill,
 []


Overfull \hbox (19.00682pt too wide) in paragraph at lines 42--42
 \OT1/cmr/bx/n/10 ma-
 []


Overfull \hbox (16.23604pt too wide) in paragraph at lines 42--42
 \OT1/cmr/bx/n/10 tri-
 []


Overfull \hbox (19.6457pt too wide) in paragraph at lines 42--42
 \OT1/cmr/bx/n/10 cola
 []


Overfull \hbox (34.49982pt too wide) in paragraph at lines 42--42
 \OT1/cmr/bx/n/10 641067
 []


! LaTeX Error: The font size command \normalsize is not defined:
               there is probably something wrong with the class file.

See the LaTeX manual or LaTeX Companion for explanation.
Type  H <return>  for immediate help.
 ...                                              
                                                  
l.47 \begin{center}
                   
Your command was ignored.
Type  I <command> <return>  to replace it with another command,
or  <return>  to continue without it.

[1{/var/lib/texmf/fonts/map/pdftex/updmap/pdftex.map}]
Overfull \hbox (27.22208pt too wide) in paragraph at lines 51--52
 \OT1/cmr/bx/n/10 Anno 
 []


Overfull \hbox (17.6388pt too wide) in paragraph at lines 51--52
 \OT1/cmr/bx/n/10 Ac- 
 []


Overfull \hbox (14.53462pt too wide) in paragraph at lines 51--52
 \OT1/cmr/bx/n/10 ca- 
 []


Overfull \hbox (35.29843pt too wide) in paragraph at lines 51--52
 \OT1/cmr/bx/n/10 demico 
 []


Overfull \hbox (30.08318pt too wide) in paragraph at lines 51--52
 \OT1/cmr/bx/n/10 200N- 
 []


Overfull \hbox (40.94423pt too wide) in paragraph at lines 51--52
 \OT1/cmr/bx/n/10 200N+1 
 []


! LaTeX Error: The font size command \normalsize is not defined:
               there is probably something wrong with the class file.

See the LaTeX manual or LaTeX Companion for explanation.
Type  H <return>  for immediate help.
 ...                                              
                                                  
l.52 \end{center} \clearpage
                            
Your command was ignored.
Type  I <command> <return>  to replace it with another command,
or  <return>  to continue without it.

[2])
! Emergency stop.
<*> frontespizio.tex
                    
*** (job aborted, no legal \end found)

 
Here is how much of TeX's memory you used:
 12 strings out of 493029
 220 string characters out of 6136235
 56407 words of memory out of 5000000
 3645 multiletter control sequences out of 15000+600000
 3948 words of font info for 15 fonts, out of 8000000 for 9000
 1141 hyphenation exceptions out of 8191
 22i,4n,16p,75b,150s stack positions out of 5000i,500n,10000p,200000b,80000s
!  ==> Fatal error occurred, no output PDF file produced!
